<?xml version="1.0" encoding="UTF-8"?>
<!-- Generated by org.testng.reporters.JUnitReportReporter -->
<testsuite hostname="srijan-kumar-khan-Lenovo-G780" failures="0" tests="2" name="com.fitpeo.assignment.testcases.HomePageTest" time="7.869" errors="0" timestamp="2024-11-25T20:29:15 IST" skipped="0">
  <testcase classname="com.fitpeo.assignment.testcases.HomePageTest" name="navigate_to_fitpeo_homepage_test" time="3.544"/>
  <testcase classname="com.fitpeo.assignment.testcases.HomePageTest" name="navigate_to_revenue_calculator_page_test" time="4.325"/>
</testsuite> <!-- com.fitpeo.assignment.testcases.HomePageTest -->
